TN:
SF:src\calculator.js
FN:1,(anonymous_0)
FN:5,(anonymous_1)
FN:9,(anonymous_2)
FN:13,(anonymous_3)
FNF:4
FNH:4
FNDA:1,(anonymous_0)
FNDA:1,(anonymous_1)
FNDA:1,(anonymous_2)
FNDA:1,(anonymous_3)
DA:1,1
DA:2,1
DA:5,1
DA:6,1
DA:9,1
DA:10,1
DA:13,1
DA:14,1
DA:17,1
LF:9
LH:9
BRF:0
BRH:0
end_of_record
TN:
SF:src\pessoa.js
FN:2,(anonymous_0)
FN:7,(anonymous_1)
FN:11,(anonymous_2)
FNF:3
FNH:3
FNDA:4,(anonymous_0)
FNDA:2,(anonymous_1)
FNDA:2,(anonymous_2)
DA:3,4
DA:4,4
DA:8,2
DA:12,2
DA:16,1
LF:5
LH:5
BRF:0
BRH:0
end_of_record
TN:
SF:src\utilitarios.js
FN:2,(anonymous_0)
FN:6,(anonymous_1)
FN:10,(anonymous_2)
FN:14,(anonymous_3)
FN:18,(anonymous_4)
FN:22,(anonymous_5)
FN:26,(anonymous_6)
FN:30,(anonymous_7)
FN:34,(anonymous_8)
FN:39,(anonymous_9)
FN:43,(anonymous_10)
FN:47,(anonymous_11)
FN:51,(anonymous_12)
FN:55,(anonymous_13)
FN:59,(anonymous_14)
FN:63,(anonymous_15)
FN:67,(anonymous_16)
FN:71,(anonymous_17)
FN:75,(anonymous_18)
FN:79,(anonymous_19)
FN:83,(anonymous_20)
FN:87,(anonymous_21)
FN:89,(anonymous_22)
FN:92,(anonymous_23)
FN:96,(anonymous_24)
FN:101,(anonymous_25)
FNF:26
FNH:26
FNDA:3,(anonymous_0)
FNDA:3,(anonymous_1)
FNDA:3,(anonymous_2)
FNDA:3,(anonymous_3)
FNDA:3,(anonymous_4)
FNDA:3,(anonymous_5)
FNDA:3,(anonymous_6)
FNDA:3,(anonymous_7)
FNDA:4,(anonymous_8)
FNDA:4,(anonymous_9)
FNDA:2,(anonymous_10)
FNDA:2,(anonymous_11)
FNDA:3,(anonymous_12)
FNDA:2,(anonymous_13)
FNDA:2,(anonymous_14)
FNDA:1,(anonymous_15)
FNDA:5,(anonymous_16)
FNDA:3,(anonymous_17)
FNDA:3,(anonymous_18)
FNDA:3,(anonymous_19)
FNDA:3,(anonymous_20)
FNDA:4,(anonymous_21)
FNDA:7,(anonymous_22)
FNDA:2,(anonymous_23)
FNDA:4,(anonymous_24)
FNDA:2,(anonymous_25)
DA:3,3
DA:7,3
DA:11,3
DA:15,3
DA:19,3
DA:23,3
DA:27,3
DA:31,3
DA:35,4
DA:36,3
DA:40,4
DA:44,2
DA:48,2
DA:52,3
DA:56,2
DA:60,2
DA:64,1
DA:68,5
DA:72,3
DA:76,3
DA:80,3
DA:84,3
DA:88,4
DA:89,7
DA:93,2
DA:97,4
DA:98,4
DA:102,2
DA:106,1
LF:29
LH:29
BRDA:35,0,0,1
BRDA:35,0,1,3
BRDA:63,1,0,0
BRDA:68,2,0,5
BRDA:68,2,1,4
BRDA:79,3,0,1
BRDA:88,4,0,1
BRDA:88,4,1,3
BRF:8
BRH:7
end_of_record
